CRITICAL - 2023-05-19 07:35:44 --> Class 'App\Model\Model_user' not found
#0 C:\xampp\htdocs\sistemearsip\system\CodeIgniter.php(809): App\Controllers\User->__construct()
#1 C:\xampp\htdocs\sistemearsip\system\CodeIgniter.php(410): CodeIgniter\CodeIgniter->createController()
#2 C:\xampp\htdocs\sistemearsip\system\CodeIgniter.php(326): CodeIgniter\CodeIgniter->handleRequest(NULL, Object(Config\Cache), false)
#3 C:\xampp\htdocs\sistemearsip\public\index.php(37): CodeIgniter\CodeIgniter->run()
#4 {main}
CRITICAL - 2023-05-19 07:37:09 --> You must set the database table to be used with your query.
#0 C:\xampp\htdocs\sistemearsip\system\Model.php(545): CodeIgniter\Database\BaseConnection->table(NULL)
#1 C:\xampp\htdocs\sistemearsip\system\Model.php(722): CodeIgniter\Model->builder()
#2 C:\xampp\htdocs\sistemearsip\app\Controllers\User.php(18): CodeIgniter\Model->__call('all_data', Array)
#3 C:\xampp\htdocs\sistemearsip\system\CodeIgniter.php(832): App\Controllers\User->index()
#4 C:\xampp\htdocs\sistemearsip\system\CodeIgniter.php(419): CodeIgniter\CodeIgniter->runController(Object(App\Controllers\User))
#5 C:\xampp\htdocs\sistemearsip\system\CodeIgniter.php(326): CodeIgniter\CodeIgniter->handleRequest(NULL, Object(Config\Cache), false)
#6 C:\xampp\htdocs\sistemearsip\public\index.php(37): CodeIgniter\CodeIgniter->run()
#7 {main}
CRITICAL - 2023-05-19 07:37:16 --> You must set the database table to be used with your query.
#0 C:\xampp\htdocs\sistemearsip\system\Model.php(545): CodeIgniter\Database\BaseConnection->table(NULL)
#1 C:\xampp\htdocs\sistemearsip\system\Model.php(722): CodeIgniter\Model->builder()
#2 C:\xampp\htdocs\sistemearsip\app\Controllers\User.php(18): CodeIgniter\Model->__call('all_data', Array)
#3 C:\xampp\htdocs\sistemearsip\system\CodeIgniter.php(832): App\Controllers\User->index()
#4 C:\xampp\htdocs\sistemearsip\system\CodeIgniter.php(419): CodeIgniter\CodeIgniter->runController(Object(App\Controllers\User))
#5 C:\xampp\htdocs\sistemearsip\system\CodeIgniter.php(326): CodeIgniter\CodeIgniter->handleRequest(NULL, Object(Config\Cache), false)
#6 C:\xampp\htdocs\sistemearsip\public\index.php(37): CodeIgniter\CodeIgniter->run()
#7 {main}
CRITICAL - 2023-05-19 08:50:29 --> Undefined variable: variable
#0 C:\xampp\htdocs\sistemearsip\app\Views\user\v_index.php(112): CodeIgniter\Debug\Exceptions->errorHandler(8, 'Undefined varia...', 'C:\\xampp\\htdocs...', 112, Array)
#1 C:\xampp\htdocs\sistemearsip\system\View\View.php(210): include('C:\\xampp\\htdocs...')
#2 C:\xampp\htdocs\sistemearsip\system\View\View.php(213): CodeIgniter\View\View->CodeIgniter\View\{closure}()
#3 C:\xampp\htdocs\sistemearsip\system\Common.php(1089): CodeIgniter\View\View->render('user/v_index', Array, true)
#4 C:\xampp\htdocs\sistemearsip\app\Views\layout\v_content.php(3): view('user/v_index')
#5 C:\xampp\htdocs\sistemearsip\system\View\View.php(210): include('C:\\xampp\\htdocs...')
#6 C:\xampp\htdocs\sistemearsip\system\View\View.php(213): CodeIgniter\View\View->CodeIgniter\View\{closure}()
#7 C:\xampp\htdocs\sistemearsip\system\Common.php(1089): CodeIgniter\View\View->render('layout/v_conten...', Array, true)
#8 C:\xampp\htdocs\sistemearsip\app\Views\layout\v_wrapper.php(5): view('layout/v_conten...')
#9 C:\xampp\htdocs\sistemearsip\system\View\View.php(210): include('C:\\xampp\\htdocs...')
#10 C:\xampp\htdocs\sistemearsip\system\View\View.php(213): CodeIgniter\View\View->CodeIgniter\View\{closure}()
#11 C:\xampp\htdocs\sistemearsip\system\Common.php(1089): CodeIgniter\View\View->render('layout/v_wrappe...', Array, true)
#12 C:\xampp\htdocs\sistemearsip\app\Controllers\User.php(23): view('layout/v_wrappe...', Array)
#13 C:\xampp\htdocs\sistemearsip\system\CodeIgniter.php(832): App\Controllers\User->index()
#14 C:\xampp\htdocs\sistemearsip\system\CodeIgniter.php(419): CodeIgniter\CodeIgniter->runController(Object(App\Controllers\User))
#15 C:\xampp\htdocs\sistemearsip\system\CodeIgniter.php(326): CodeIgniter\CodeIgniter->handleRequest(NULL, Object(Config\Cache), false)
#16 C:\xampp\htdocs\sistemearsip\public\index.php(37): CodeIgniter\CodeIgniter->run()
#17 {main}
CRITICAL - 2023-05-19 08:50:42 --> Undefined variable: dep
#0 C:\xampp\htdocs\sistemearsip\app\Views\user\v_index.php(112): CodeIgniter\Debug\Exceptions->errorHandler(8, 'Undefined varia...', 'C:\\xampp\\htdocs...', 112, Array)
#1 C:\xampp\htdocs\sistemearsip\system\View\View.php(210): include('C:\\xampp\\htdocs...')
#2 C:\xampp\htdocs\sistemearsip\system\View\View.php(213): CodeIgniter\View\View->CodeIgniter\View\{closure}()
#3 C:\xampp\htdocs\sistemearsip\system\Common.php(1089): CodeIgniter\View\View->render('user/v_index', Array, true)
#4 C:\xampp\htdocs\sistemearsip\app\Views\layout\v_content.php(3): view('user/v_index')
#5 C:\xampp\htdocs\sistemearsip\system\View\View.php(210): include('C:\\xampp\\htdocs...')
#6 C:\xampp\htdocs\sistemearsip\system\View\View.php(213): CodeIgniter\View\View->CodeIgniter\View\{closure}()
#7 C:\xampp\htdocs\sistemearsip\system\Common.php(1089): CodeIgniter\View\View->render('layout/v_conten...', Array, true)
#8 C:\xampp\htdocs\sistemearsip\app\Views\layout\v_wrapper.php(5): view('layout/v_conten...')
#9 C:\xampp\htdocs\sistemearsip\system\View\View.php(210): include('C:\\xampp\\htdocs...')
#10 C:\xampp\htdocs\sistemearsip\system\View\View.php(213): CodeIgniter\View\View->CodeIgniter\View\{closure}()
#11 C:\xampp\htdocs\sistemearsip\system\Common.php(1089): CodeIgniter\View\View->render('layout/v_wrappe...', Array, true)
#12 C:\xampp\htdocs\sistemearsip\app\Controllers\User.php(23): view('layout/v_wrappe...', Array)
#13 C:\xampp\htdocs\sistemearsip\system\CodeIgniter.php(832): App\Controllers\User->index()
#14 C:\xampp\htdocs\sistemearsip\system\CodeIgniter.php(419): CodeIgniter\CodeIgniter->runController(Object(App\Controllers\User))
#15 C:\xampp\htdocs\sistemearsip\system\CodeIgniter.php(326): CodeIgniter\CodeIgniter->handleRequest(NULL, Object(Config\Cache), false)
#16 C:\xampp\htdocs\sistemearsip\public\index.php(37): CodeIgniter\CodeIgniter->run()
#17 {main}
CRITICAL - 2023-05-19 08:50:48 --> Undefined variable: dep
#0 C:\xampp\htdocs\sistemearsip\app\Views\user\v_index.php(112): CodeIgniter\Debug\Exceptions->errorHandler(8, 'Undefined varia...', 'C:\\xampp\\htdocs...', 112, Array)
#1 C:\xampp\htdocs\sistemearsip\system\View\View.php(210): include('C:\\xampp\\htdocs...')
#2 C:\xampp\htdocs\sistemearsip\system\View\View.php(213): CodeIgniter\View\View->CodeIgniter\View\{closure}()
#3 C:\xampp\htdocs\sistemearsip\system\Common.php(1089): CodeIgniter\View\View->render('user/v_index', Array, true)
#4 C:\xampp\htdocs\sistemearsip\app\Views\layout\v_content.php(3): view('user/v_index')
#5 C:\xampp\htdocs\sistemearsip\system\View\View.php(210): include('C:\\xampp\\htdocs...')
#6 C:\xampp\htdocs\sistemearsip\system\View\View.php(213): CodeIgniter\View\View->CodeIgniter\View\{closure}()
#7 C:\xampp\htdocs\sistemearsip\system\Common.php(1089): CodeIgniter\View\View->render('layout/v_conten...', Array, true)
#8 C:\xampp\htdocs\sistemearsip\app\Views\layout\v_wrapper.php(5): view('layout/v_conten...')
#9 C:\xampp\htdocs\sistemearsip\system\View\View.php(210): include('C:\\xampp\\htdocs...')
#10 C:\xampp\htdocs\sistemearsip\system\View\View.php(213): CodeIgniter\View\View->CodeIgniter\View\{closure}()
#11 C:\xampp\htdocs\sistemearsip\system\Common.php(1089): CodeIgniter\View\View->render('layout/v_wrappe...', Array, true)
#12 C:\xampp\htdocs\sistemearsip\app\Controllers\User.php(23): view('layout/v_wrappe...', Array)
#13 C:\xampp\htdocs\sistemearsip\system\CodeIgniter.php(832): App\Controllers\User->index()
#14 C:\xampp\htdocs\sistemearsip\system\CodeIgniter.php(419): CodeIgniter\CodeIgniter->runController(Object(App\Controllers\User))
#15 C:\xampp\htdocs\sistemearsip\system\CodeIgniter.php(326): CodeIgniter\CodeIgniter->handleRequest(NULL, Object(Config\Cache), false)
#16 C:\xampp\htdocs\sistemearsip\public\index.php(37): CodeIgniter\CodeIgniter->run()
#17 {main}
CRITICAL - 2023-05-19 08:50:49 --> Undefined variable: dep
#0 C:\xampp\htdocs\sistemearsip\app\Views\user\v_index.php(112): CodeIgniter\Debug\Exceptions->errorHandler(8, 'Undefined varia...', 'C:\\xampp\\htdocs...', 112, Array)
#1 C:\xampp\htdocs\sistemearsip\system\View\View.php(210): include('C:\\xampp\\htdocs...')
#2 C:\xampp\htdocs\sistemearsip\system\View\View.php(213): CodeIgniter\View\View->CodeIgniter\View\{closure}()
#3 C:\xampp\htdocs\sistemearsip\system\Common.php(1089): CodeIgniter\View\View->render('user/v_index', Array, true)
#4 C:\xampp\htdocs\sistemearsip\app\Views\layout\v_content.php(3): view('user/v_index')
#5 C:\xampp\htdocs\sistemearsip\system\View\View.php(210): include('C:\\xampp\\htdocs...')
#6 C:\xampp\htdocs\sistemearsip\system\View\View.php(213): CodeIgniter\View\View->CodeIgniter\View\{closure}()
#7 C:\xampp\htdocs\sistemearsip\system\Common.php(1089): CodeIgniter\View\View->render('layout/v_conten...', Array, true)
#8 C:\xampp\htdocs\sistemearsip\app\Views\layout\v_wrapper.php(5): view('layout/v_conten...')
#9 C:\xampp\htdocs\sistemearsip\system\View\View.php(210): include('C:\\xampp\\htdocs...')
#10 C:\xampp\htdocs\sistemearsip\system\View\View.php(213): CodeIgniter\View\View->CodeIgniter\View\{closure}()
#11 C:\xampp\htdocs\sistemearsip\system\Common.php(1089): CodeIgniter\View\View->render('layout/v_wrappe...', Array, true)
#12 C:\xampp\htdocs\sistemearsip\app\Controllers\User.php(23): view('layout/v_wrappe...', Array)
#13 C:\xampp\htdocs\sistemearsip\system\CodeIgniter.php(832): App\Controllers\User->index()
#14 C:\xampp\htdocs\sistemearsip\system\CodeIgniter.php(419): CodeIgniter\CodeIgniter->runController(Object(App\Controllers\User))
#15 C:\xampp\htdocs\sistemearsip\system\CodeIgniter.php(326): CodeIgniter\CodeIgniter->handleRequest(NULL, Object(Config\Cache), false)
#16 C:\xampp\htdocs\sistemearsip\public\index.php(37): CodeIgniter\CodeIgniter->run()
#17 {main}
