CRITICAL - 2023-05-15 07:31:37 --> Undefined variable: title
#0 C:\xampp\htdocs\sistemearsip\app\Views\v_login.php(7): CodeIgniter\Debug\Exceptions->errorHandler(8, 'Undefined varia...', 'C:\\xampp\\htdocs...', 7, Array)
#1 C:\xampp\htdocs\sistemearsip\system\View\View.php(210): include('C:\\xampp\\htdocs...')
#2 C:\xampp\htdocs\sistemearsip\system\View\View.php(213): CodeIgniter\View\View->CodeIgniter\View\{closure}()
#3 C:\xampp\htdocs\sistemearsip\system\Common.php(1089): CodeIgniter\View\View->render('v_login', Array, true)
#4 C:\xampp\htdocs\sistemearsip\app\Controllers\Auth.php(12): view('v_login', Array)
#5 C:\xampp\htdocs\sistemearsip\system\CodeIgniter.php(832): App\Controllers\Auth->index()
#6 C:\xampp\htdocs\sistemearsip\system\CodeIgniter.php(419): CodeIgniter\CodeIgniter->runController(Object(App\Controllers\Auth))
#7 C:\xampp\htdocs\sistemearsip\system\CodeIgniter.php(326): CodeIgniter\CodeIgniter->handleRequest(NULL, Object(Config\Cache), false)
#8 C:\xampp\htdocs\sistemearsip\public\index.php(37): CodeIgniter\CodeIgniter->run()
#9 {main}
CRITICAL - 2023-05-15 07:31:59 --> Undefined variable: title
#0 C:\xampp\htdocs\sistemearsip\app\Views\v_login.php(7): CodeIgniter\Debug\Exceptions->errorHandler(8, 'Undefined varia...', 'C:\\xampp\\htdocs...', 7, Array)
#1 C:\xampp\htdocs\sistemearsip\system\View\View.php(210): include('C:\\xampp\\htdocs...')
#2 C:\xampp\htdocs\sistemearsip\system\View\View.php(213): CodeIgniter\View\View->CodeIgniter\View\{closure}()
#3 C:\xampp\htdocs\sistemearsip\system\Common.php(1089): CodeIgniter\View\View->render('v_login', Array, true)
#4 C:\xampp\htdocs\sistemearsip\app\Controllers\Auth.php(12): view('v_login', Array)
#5 C:\xampp\htdocs\sistemearsip\system\CodeIgniter.php(832): App\Controllers\Auth->index()
#6 C:\xampp\htdocs\sistemearsip\system\CodeIgniter.php(419): CodeIgniter\CodeIgniter->runController(Object(App\Controllers\Auth))
#7 C:\xampp\htdocs\sistemearsip\system\CodeIgniter.php(326): CodeIgniter\CodeIgniter->handleRequest(NULL, Object(Config\Cache), false)
#8 C:\xampp\htdocs\sistemearsip\public\index.php(37): CodeIgniter\CodeIgniter->run()
#9 {main}
CRITICAL - 2023-05-15 07:33:24 --> Undefined variable: title
#0 C:\xampp\htdocs\sistemearsip\app\Views\v_login.php(7): CodeIgniter\Debug\Exceptions->errorHandler(8, 'Undefined varia...', 'C:\\xampp\\htdocs...', 7, Array)
#1 C:\xampp\htdocs\sistemearsip\system\View\View.php(210): include('C:\\xampp\\htdocs...')
#2 C:\xampp\htdocs\sistemearsip\system\View\View.php(213): CodeIgniter\View\View->CodeIgniter\View\{closure}()
#3 C:\xampp\htdocs\sistemearsip\system\Common.php(1089): CodeIgniter\View\View->render('v_login', Array, true)
#4 C:\xampp\htdocs\sistemearsip\app\Controllers\Auth.php(12): view('v_login', Array)
#5 C:\xampp\htdocs\sistemearsip\system\CodeIgniter.php(832): App\Controllers\Auth->index()
#6 C:\xampp\htdocs\sistemearsip\system\CodeIgniter.php(419): CodeIgniter\CodeIgniter->runController(Object(App\Controllers\Auth))
#7 C:\xampp\htdocs\sistemearsip\system\CodeIgniter.php(326): CodeIgniter\CodeIgniter->handleRequest(NULL, Object(Config\Cache), false)
#8 C:\xampp\htdocs\sistemearsip\public\index.php(37): CodeIgniter\CodeIgniter->run()
#9 {main}
